<?xml version="1.0" encoding="UTF-8"?>
<!-- Generated by org.testng.reporters.JUnitReportReporter -->
<testsuite hostname="DESKTOP-D867LU9" failures="0" tests="1" name="Test.Second.ClassTest" time="0.012" errors="0" timestamp="2023-12-02T18:59:29 PKT" skipped="0">
  <testcase classname="Test.Second.ClassTest" name="test" time="0.012"/>
  <system-out/>
</testsuite> <!-- Test.Second.ClassTest -->
